


ARM Macro Assembler    Page 1 


    1 00000000 E002800C 
                       IO0CLR  EQU              0xE002800C
    2 00000000 E0028004 
                       IO0SET  EQU              0xE0028004
    3 00000000 E002801C 
                       IO1CLR  EQU              0xE002801C
    4 00000000 E0028014 
                       IO1SET  EQU              0xE0028014
    5 00000000 00000010 
                       Mode_USR
                               EQU              0x10
    6 00000000         
    7 00000000                 AREA             IO_SR,CODE,READONLY
    8 00000000                 EXPORT           IO_SR
    9 00000000 E1A08000        MOV              R8,R0
   10 00000004 E2088003        AND              R8,R8,#3
   11 00000008 E3A09000        LDR              R9,=0
   12 0000000C E1380009        TEQ              R8,R9
   13 00000010 0A00000D        BEQ              IOR0
   14 00000014 E2899001        ADD              R9,R9,#1
   15 00000018 E1380009        TEQ              R8,R9
   16 0000001C 0A000015        BEQ              IOS0
   17 00000020 E2899001        ADD              R9,R9,#1
   18 00000024 E1380009        TEQ              R8,R9
   19 00000028 0A00001D        BEQ              IOR1
   20 0000002C E2899001        ADD              R9,R9,#1
   21 00000030 E1380009        TEQ              R8,R9
   22 00000034 0A000025        BEQ              IOS1
   23 00000038 E3A00000        LDR              R0,=0
   24 0000003C E8BD1F00        LDMIA            R13!,{R8-R12}
   25 00000040 E1A0100E        MOV              R1,R14
   26 00000044 E321F010        MSR              CPSR_c,#Mode_USR
   27 00000048 E12FFF11        BX               R1
   28 0000004C         
   29 0000004C         
   30 0000004C         
   31 0000004C         
   32 0000004C         
   33 0000004C E1A08001 
                       IOR0    MOV              R8,R1
   34 00000050 E59F90A4        LDR              R9,=IO0CLR
   35 00000054 E599A000        LDR              R10,[R9]
   36 00000058 E3A0B001        LDR              R11,=1
   37 0000005C E18AA81B        ORR              R10,R10,R11,LSL R8
   38 00000060 E589A000        STR              R10,[R9]
   39 00000064 E3A00001        LDR              R0,=1
   40 00000068 E8BD1F00        LDMIA            R13!,{R8-R12}
   41 0000006C E1A0100E        MOV              R1,R14
   42 00000070 E321F010        MSR              CPSR_c,#Mode_USR
   43 00000074 E12FFF11        BX               R1
   44 00000078         
   45 00000078         
   46 00000078 E1A08001 
                       IOS0    MOV              R8,R1
   47 0000007C E59F907C        LDR              R9,=IO0SET
   48 00000080 E599A000        LDR              R10,[R9]
   49 00000084 E3A0B001        LDR              R11,=1
   50 00000088 E18AA81B        ORR              R10,R10,R11,LSL R8
   51 0000008C E589A000        STR              R10,[R9]



ARM Macro Assembler    Page 2 


   52 00000090 E3A00001        LDR              R0,=1
   53 00000094 E8BD1F00        LDMIA            R13!,{R8-R12}
   54 00000098 E1A0100E        MOV              R1,R14
   55 0000009C E321F010        MSR              CPSR_c,#Mode_USR
   56 000000A0 E12FFF11        BX               R1
   57 000000A4         
   58 000000A4 E1A08001 
                       IOR1    MOV              R8,R1
   59 000000A8 E59F9054        LDR              R9,=IO1CLR
   60 000000AC E599A000        LDR              R10,[R9]
   61 000000B0 E3A0B001        LDR              R11,=1
   62 000000B4 E18AA81B        ORR              R10,R10,R11,LSL R8
   63 000000B8 E589A000        STR              R10,[R9]
   64 000000BC E3A00001        LDR              R0,=1
   65 000000C0 E8BD1F00        LDMIA            R13!,{R8-R12}
   66 000000C4 E1A0100E        MOV              R1,R14
   67 000000C8 E321F010        MSR              CPSR_c,#Mode_USR
   68 000000CC E12FFF11        BX               R1
   69 000000D0         
   70 000000D0 E1A08001 
                       IOS1    MOV              R8,R1
   71 000000D4 E59F902C        LDR              R9,=IO1SET
   72 000000D8 E599A000        LDR              R10,[R9]
   73 000000DC E3A0B001        LDR              R11,=1
   74 000000E0 E18AA81B        ORR              R10,R10,R11,LSL R8
   75 000000E4 E589A000        STR              R10,[R9]
   76 000000E8 E3A00001        LDR              R0,=1
   77 000000EC E8BD1F00        LDMIA            R13!,{R8-R12}
   78 000000F0 E1A0100E        MOV              R1,R14
   79 000000F4 E321F010        MSR              CPSR_c,#Mode_USR
   80 000000F8 E12FFF11        BX               R1
   81 000000FC                 END
              E002800C 
              E0028004 
              E002801C 
              E0028014 
Command Line: --debug --xref --apcs=interwork --depend=iosr.d -oiosr.o -IC:\Kei
l\ARM\RV31\Inc -IC:\Keil\ARM\CMSIS\Include -IC:\Keil\ARM\Inc\Philips --list=ios
r.lst iosr.s



ARM Macro Assembler    Page 1 Alphabetic symbol ordering
Relocatable symbols

IOR0 0000004C

Symbol: IOR0
   Definitions
      At line 33 in file iosr.s
   Uses
      At line 13 in file iosr.s
Comment: IOR0 used once
IOR1 000000A4

Symbol: IOR1
   Definitions
      At line 58 in file iosr.s
   Uses
      At line 19 in file iosr.s
Comment: IOR1 used once
IOS0 00000078

Symbol: IOS0
   Definitions
      At line 46 in file iosr.s
   Uses
      At line 16 in file iosr.s
Comment: IOS0 used once
IOS1 000000D0

Symbol: IOS1
   Definitions
      At line 70 in file iosr.s
   Uses
      At line 22 in file iosr.s
Comment: IOS1 used once
IO_SR 00000000

Symbol: IO_SR
   Definitions
      At line 7 in file iosr.s
   Uses
      At line 8 in file iosr.s
Comment: IO_SR used once
5 symbols



ARM Macro Assembler    Page 1 Alphabetic symbol ordering
Absolute symbols

IO0CLR E002800C

Symbol: IO0CLR
   Definitions
      At line 1 in file iosr.s
   Uses
      At line 34 in file iosr.s
Comment: IO0CLR used once
IO0SET E0028004

Symbol: IO0SET
   Definitions
      At line 2 in file iosr.s
   Uses
      At line 47 in file iosr.s
Comment: IO0SET used once
IO1CLR E002801C

Symbol: IO1CLR
   Definitions
      At line 3 in file iosr.s
   Uses
      At line 59 in file iosr.s
Comment: IO1CLR used once
IO1SET E0028014

Symbol: IO1SET
   Definitions
      At line 4 in file iosr.s
   Uses
      At line 71 in file iosr.s
Comment: IO1SET used once
Mode_USR 00000010

Symbol: Mode_USR
   Definitions
      At line 5 in file iosr.s
   Uses
      At line 26 in file iosr.s
      At line 42 in file iosr.s
      At line 55 in file iosr.s
      At line 67 in file iosr.s
      At line 79 in file iosr.s

5 symbols
342 symbols in table
